# JRE version: OpenJDK Runtime Environment Temurin-21.0.10+7 (21.0.10+7) (build 21.0.10+7-LTS)
# Java VM: OpenJDK 64-Bit Server VM Temurin-21.0.10+7 (21.0.10+7-LTS, mixed mode, sharing, tiered, compressed oops, compressed class ptrs, parallel gc, windows-amd64)
GC Precious Log:
 CardTable entry size: 512
 CPUs: 16 total, 16 available
 Memory: 15741M
 Large Page Support: Disabled
 NUMA Support: Disabled
 Compressed Oops: Enabled (32-bit)
 Alignments: Space 512K, Generation 512K, Heap 2M
 Heap Min Capacity: 100M
 Heap Initial Capacity: 100M
 Heap Max Capacity: 2G
 Pre-touch: Disabled
 Parallel Workers: 13
Heap:
 PSYoungGen      total 7680K, used 7653K [0x00000000d5580000, 0x00000000d6000000, 0x0000000100000000)
  eden space 6656K, 99% used [0x00000000d5580000,0x00000000d5bfee00,0x00000000d5c00000)
  from space 1024K, 97% used [0x00000000d5e80000,0x00000000d5f7a910,0x00000000d5f80000)
  to   space 2048K, 0% used [0x00000000d5c00000,0x00000000d5c00000,0x00000000d5e00000)
 ParOldGen       total 335872K, used 335385K [0x0000000080000000, 0x0000000094800000, 0x00000000d5580000)
  object space 335872K, 99% used [0x0000000080000000,0x00000000947866c0,0x0000000094800000)
 Metaspace       used 105481K, committed 107712K, reserved 1179648K
  class space    used 10114K, committed 11200K, reserved 1048576K
GC Heap History (20 events):
Event: 122337.025 GC heap before
{Heap before GC invocations=17537 (full 33):
 PSYoungGen      total 8192K, used 7712K [0x00000000d5580000, 0x00000000d6200000, 0x0000000100000000)
  eden space 6656K, 100% used [0x00000000d5580000,0x00000000d5c00000,0x00000000d5c00000)
  from space 1536K, 68% used [0x00000000d6080000,0x00000000d6188000,0x00000000d6200000)
  to   space 1536K, 0% used [0x00000000d5f00000,0x00000000d5f00000,0x00000000d6080000)
 ParOldGen       total 328704K, used 328250K [0x0000000080000000, 0x0000000094100000, 0x00000000d5580000)
  object space 328704K, 99% used [0x0000000080000000,0x000000009408eb90,0x0000000094100000)
 Metaspace       used 105475K, committed 107712K, reserved 1179648K
  class space    used 10114K, committed 11200K, reserved 1048576K
}
Event: 122337.028 GC heap after
{Heap after GC invocations=17537 (full 33):
 PSYoungGen      total 7680K, used 788K [0x00000000d5580000, 0x00000000d6100000, 0x0000000100000000)
  eden space 6656K, 0% used [0x00000000d5580000,0x00000000d5580000,0x00000000d5c00000)
  from space 1024K, 77% used [0x00000000d5f00000,0x00000000d5fc5200,0x00000000d6000000)
  to   space 1024K, 0% used [0x00000000d6000000,0x00000000d6000000,0x00000000d6100000)
 ParOldGen       total 329216K, used 329046K [0x0000000080000000, 0x0000000094180000, 0x00000000d5580000)
  object space 329216K, 99% used [0x0000000080000000,0x0000000094155820,0x0000000094180000)
 Metaspace       used 105475K, committed 107712K, reserved 1179648K
  class space    used 10114K, committed 11200K, reserved 1048576K
}
Event: 122337.042 GC heap before
{Heap before GC invocations=17538 (full 33):
 PSYoungGen      total 7680K, used 7444K [0x00000000d5580000, 0x00000000d6100000, 0x0000000100000000)
  eden space 6656K, 100% used [0x00000000d5580000,0x00000000d5c00000,0x00000000d5c00000)
  from space 1024K, 77% used [0x00000000d5f00000,0x00000000d5fc5200,0x00000000d6000000)
  to   space 1024K, 0% used [0x00000000d6000000,0x00000000d6000000,0x00000000d6100000)
 ParOldGen       total 329216K, used 329046K [0x0000000080000000, 0x0000000094180000, 0x00000000d5580000)
  object space 329216K, 99% used [0x0000000080000000,0x0000000094155820,0x0000000094180000)
 Metaspace       used 105475K, committed 107712K, reserved 1179648K
  class space    used 10114K, committed 11200K, reserved 1048576K
}
Event: 122337.044 GC heap after
{Heap after GC invocations=17538 (full 33):
 PSYoungGen      total 7680K, used 896K [0x00000000d5580000, 0x00000000d6100000, 0x0000000100000000)
  eden space 6656K, 0% used [0x00000000d5580000,0x00000000d5580000,0x00000000d5c00000)
  from space 1024K, 87% used [0x00000000d6000000,0x00000000d60e0000,0x00000000d6100000)
  to   space 1024K, 0% used [0x00000000d5f00000,0x00000000d5f00000,0x00000000d6000000)
 ParOldGen       total 329728K, used 329628K [0x0000000080000000, 0x0000000094200000, 0x00000000d5580000)
  object space 329728K, 99% used [0x0000000080000000,0x00000000941e70a0,0x0000000094200000)
 Metaspace       used 105475K, committed 107712K, reserved 1179648K
  class space    used 10114K, committed 11200K, reserved 1048576K
}
Event: 122337.055 GC heap before
{Heap before GC invocations=17539 (full 33):
 PSYoungGen      total 7680K, used 7552K [0x00000000d5580000, 0x00000000d6100000, 0x0000000100000000)
  eden space 6656K, 100% used [0x00000000d5580000,0x00000000d5c00000,0x00000000d5c00000)
  from space 1024K, 87% used [0x00000000d6000000,0x00000000d60e0000,0x00000000d6100000)
  to   space 1024K, 0% used [0x00000000d5f00000,0x00000000d5f00000,0x00000000d6000000)
 ParOldGen       total 329728K, used 329628K [0x0000000080000000, 0x0000000094200000, 0x00000000d5580000)
  object space 329728K, 99% used [0x0000000080000000,0x00000000941e70a0,0x0000000094200000)
 Metaspace       used 105475K, committed 107712K, reserved 1179648K
  class space    used 10114K, committed 11200K, reserved 1048576K
}
Event: 122337.057 GC heap after
{Heap after GC invocations=17539 (full 33):
 PSYoungGen      total 7680K, used 768K [0x00000000d5580000, 0x00000000d6080000, 0x0000000100000000)
  eden space 6656K, 0% used [0x00000000d5580000,0x00000000d5580000,0x00000000d5c00000)
  from space 1024K, 75% used [0x00000000d5f00000,0x00000000d5fc0000,0x00000000d6000000)
  to   space 512K, 0% used [0x00000000d6000000,0x00000000d6000000,0x00000000d6080000)
 ParOldGen       total 330752K, used 330388K [0x0000000080000000, 0x0000000094300000, 0x00000000d5580000)
  object space 330752K, 99% used [0x0000000080000000,0x00000000942a5120,0x0000000094300000)
 Metaspace       used 105475K, committed 107712K, reserved 1179648K
  class space    used 10114K, committed 11200K, reserved 1048576K
}
Event: 122337.067 GC heap before
{Heap before GC invocations=17540 (full 33):
 PSYoungGen      total 7680K, used 7424K [0x00000000d5580000, 0x00000000d6080000, 0x0000000100000000)
  eden space 6656K, 100% used [0x00000000d5580000,0x00000000d5c00000,0x00000000d5c00000)
  from space 1024K, 75% used [0x00000000d5f00000,0x00000000d5fc0000,0x00000000d6000000)
  to   space 512K, 0% used [0x00000000d6000000,0x00000000d6000000,0x00000000d6080000)
 ParOldGen       total 330752K, used 330388K [0x0000000080000000, 0x0000000094300000, 0x00000000d5580000)
  object space 330752K, 99% used [0x0000000080000000,0x00000000942a5120,0x0000000094300000)
 Metaspace       used 105475K, committed 107712K, reserved 1179648K
  class space    used 10114K, committed 11200K, reserved 1048576K
}
Event: 122337.069 GC heap after
{Heap after GC invocations=17540 (full 33):
 PSYoungGen      total 7168K, used 512K [0x00000000d5580000, 0x00000000d6080000, 0x0000000100000000)
  eden space 6656K, 0% used [0x00000000d5580000,0x00000000d5580000,0x00000000d5c00000)
  from space 512K, 100% used [0x00000000d6000000,0x00000000d6080000,0x00000000d6080000)
  to   space 2048K, 0% used [0x00000000d5c80000,0x00000000d5c80000,0x00000000d5e80000)
 ParOldGen       total 331776K, used 331411K [0x0000000080000000, 0x0000000094400000, 0x00000000d5580000)
  object space 331776K, 99% used [0x0000000080000000,0x00000000943a4dd0,0x0000000094400000)
 Metaspace       used 105475K, committed 107712K, reserved 1179648K
  class space    used 10114K, committed 11200K, reserved 1048576K
}
Event: 122337.077 GC heap before
{Heap before GC invocations=17541 (full 33):
 PSYoungGen      total 7168K, used 7168K [0x00000000d5580000, 0x00000000d6080000, 0x0000000100000000)
  eden space 6656K, 100% used [0x00000000d5580000,0x00000000d5c00000,0x00000000d5c00000)
  from space 512K, 100% used [0x00000000d6000000,0x00000000d6080000,0x00000000d6080000)
  to   space 2048K, 0% used [0x00000000d5c80000,0x00000000d5c80000,0x00000000d5e80000)
 ParOldGen       total 331776K, used 331411K [0x0000000080000000, 0x0000000094400000, 0x00000000d5580000)
  object space 331776K, 99% used [0x0000000080000000,0x00000000943a4dd0,0x0000000094400000)
 Metaspace       used 105475K, committed 107712K, reserved 1179648K
  class space    used 10114K, committed 11200K, reserved 1048576K
}
Event: 122337.078 GC heap after
{Heap after GC invocations=17541 (full 33):
 PSYoungGen      total 8704K, used 992K [0x00000000d5580000, 0x00000000d6080000, 0x0000000100000000)
  eden space 6656K, 0% used [0x00000000d5580000,0x00000000d5580000,0x00000000d5c00000)
  from space 2048K, 48% used [0x00000000d5c80000,0x00000000d5d78000,0x00000000d5e80000)
  to   space 1536K, 0% used [0x00000000d5f00000,0x00000000d5f00000,0x00000000d6080000)
 ParOldGen       total 332288K, used 331917K [0x0000000080000000, 0x0000000094480000, 0x00000000d5580000)
  object space 332288K, 99% used [0x0000000080000000,0x0000000094423690,0x0000000094480000)
 Metaspace       used 105475K, committed 107712K, reserved 1179648K
  class space    used 10114K, committed 11200K, reserved 1048576K
}
Event: 122337.086 GC heap before
{Heap before GC invocations=17542 (full 33):
 PSYoungGen      total 8704K, used 7648K [0x00000000d5580000, 0x00000000d6080000, 0x0000000100000000)
  eden space 6656K, 100% used [0x00000000d5580000,0x00000000d5c00000,0x00000000d5c00000)
  from space 2048K, 48% used [0x00000000d5c80000,0x00000000d5d78000,0x00000000d5e80000)
  to   space 1536K, 0% used [0x00000000d5f00000,0x00000000d5f00000,0x00000000d6080000)
 ParOldGen       total 332288K, used 331917K [0x0000000080000000, 0x0000000094480000, 0x00000000d5580000)
  object space 332288K, 99% used [0x0000000080000000,0x0000000094423690,0x0000000094480000)
 Metaspace       used 105475K, committed 107712K, reserved 1179648K
  class space    used 10114K, committed 11200K, reserved 1048576K
}
Event: 122337.088 GC heap after
{Heap after GC invocations=17542 (full 33):
 PSYoungGen      total 7680K, used 864K [0x00000000d5580000, 0x00000000d6000000, 0x0000000100000000)
  eden space 6656K, 0% used [0x00000000d5580000,0x00000000d5580000,0x00000000d5c00000)
  from space 1024K, 84% used [0x00000000d5f00000,0x00000000d5fd8000,0x00000000d6000000)
  to   space 1024K, 0% used [0x00000000d5e00000,0x00000000d5e00000,0x00000000d5f00000)
 ParOldGen       total 332800K, used 332725K [0x0000000080000000, 0x0000000094500000, 0x00000000d5580000)
  object space 332800K, 99% used [0x0000000080000000,0x00000000944ed770,0x0000000094500000)
 Metaspace       used 105475K, committed 107712K, reserved 1179648K
  class space    used 10114K, committed 11200K, reserved 1048576K
}
Event: 122337.102 GC heap before
{Heap before GC invocations=17543 (full 33):
 PSYoungGen      total 7680K, used 7520K [0x00000000d5580000, 0x00000000d6000000, 0x0000000100000000)
  eden space 6656K, 100% used [0x00000000d5580000,0x00000000d5c00000,0x00000000d5c00000)
  from space 1024K, 84% used [0x00000000d5f00000,0x00000000d5fd8000,0x00000000d6000000)
  to   space 1024K, 0% used [0x00000000d5e00000,0x00000000d5e00000,0x00000000d5f00000)
 ParOldGen       total 332800K, used 332725K [0x0000000080000000, 0x0000000094500000, 0x00000000d5580000)
  object space 332800K, 99% used [0x0000000080000000,0x00000000944ed770,0x0000000094500000)
 Metaspace       used 105475K, committed 107712K, reserved 1179648K
  class space    used 10114K, committed 11200K, reserved 1048576K
}
Event: 122337.103 GC heap after
{Heap after GC invocations=17543 (full 33):
 PSYoungGen      total 7680K, used 1012K [0x00000000d5580000, 0x00000000d6000000, 0x0000000100000000)
  eden space 6656K, 0% used [0x00000000d5580000,0x00000000d5580000,0x00000000d5c00000)
  from space 1024K, 98% used [0x00000000d5e00000,0x00000000d5efd200,0x00000000d5f00000)
  to   space 1024K, 0% used [0x00000000d5f00000,0x00000000d5f00000,0x00000000d6000000)
 ParOldGen       total 333824K, used 333454K [0x0000000080000000, 0x0000000094600000, 0x00000000d5580000)
  object space 333824K, 99% used [0x0000000080000000,0x00000000945a3810,0x0000000094600000)
 Metaspace       used 105475K, committed 107712K, reserved 1179648K
  class space    used 10114K, committed 11200K, reserved 1048576K
}
Event: 122337.116 GC heap before
{Heap before GC invocations=17544 (full 33):
 PSYoungGen      total 7680K, used 7668K [0x00000000d5580000, 0x00000000d6000000, 0x0000000100000000)
  eden space 6656K, 100% used [0x00000000d5580000,0x00000000d5c00000,0x00000000d5c00000)
  from space 1024K, 98% used [0x00000000d5e00000,0x00000000d5efd200,0x00000000d5f00000)
  to   space 1024K, 0% used [0x00000000d5f00000,0x00000000d5f00000,0x00000000d6000000)
 ParOldGen       total 333824K, used 333454K [0x0000000080000000, 0x0000000094600000, 0x00000000d5580000)
  object space 333824K, 99% used [0x0000000080000000,0x00000000945a3810,0x0000000094600000)
 Metaspace       used 105475K, committed 107712K, reserved 1179648K
  class space    used 10114K, committed 11200K, reserved 1048576K
}
Event: 122337.117 GC heap after
{Heap after GC invocations=17544 (full 33):
 PSYoungGen      total 7168K, used 436K [0x00000000d5580000, 0x00000000d5f80000, 0x0000000100000000)
  eden space 6656K, 0% used [0x00000000d5580000,0x00000000d5580000,0x00000000d5c00000)
  from space 512K, 85% used [0x00000000d5f00000,0x00000000d5f6d200,0x00000000d5f80000)
  to   space 1024K, 0% used [0x00000000d5d80000,0x00000000d5d80000,0x00000000d5e80000)
 ParOldGen       total 334848K, used 334344K [0x0000000080000000, 0x0000000094700000, 0x00000000d5580000)
  object space 334848K, 99% used [0x0000000080000000,0x00000000946821a0,0x0000000094700000)
 Metaspace       used 105475K, committed 107712K, reserved 1179648K
  class space    used 10114K, committed 11200K, reserved 1048576K
}
Event: 122337.124 GC heap before
{Heap before GC invocations=17545 (full 33):
 PSYoungGen      total 7168K, used 7092K [0x00000000d5580000, 0x00000000d5f80000, 0x0000000100000000)
  eden space 6656K, 100% used [0x00000000d5580000,0x00000000d5c00000,0x00000000d5c00000)
  from space 512K, 85% used [0x00000000d5f00000,0x00000000d5f6d200,0x00000000d5f80000)
  to   space 1024K, 0% used [0x00000000d5d80000,0x00000000d5d80000,0x00000000d5e80000)
 ParOldGen       total 334848K, used 334344K [0x0000000080000000, 0x0000000094700000, 0x00000000d5580000)
  object space 334848K, 99% used [0x0000000080000000,0x00000000946821a0,0x0000000094700000)
 Metaspace       used 105475K, committed 107712K, reserved 1179648K
  class space    used 10114K, committed 11200K, reserved 1048576K
}
Event: 122337.125 GC heap after
{Heap after GC invocations=17545 (full 33):
 PSYoungGen      total 7680K, used 1024K [0x00000000d5580000, 0x00000000d5f80000, 0x0000000100000000)
  eden space 6656K, 0% used [0x00000000d5580000,0x00000000d5580000,0x00000000d5c00000)
  from space 1024K, 100% used [0x00000000d5d80000,0x00000000d5e80000,0x00000000d5e80000)
  to   space 1024K, 0% used [0x00000000d5e80000,0x00000000d5e80000,0x00000000d5f80000)
 ParOldGen       total 334848K, used 334529K [0x0000000080000000, 0x0000000094700000, 0x00000000d5580000)
  object space 334848K, 99% used [0x0000000080000000,0x00000000946b0630,0x0000000094700000)
 Metaspace       used 105475K, committed 107712K, reserved 1179648K
  class space    used 10114K, committed 11200K, reserved 1048576K
}
Event: 122337.135 GC heap before
{Heap before GC invocations=17546 (full 33):
 PSYoungGen      total 7680K, used 7680K [0x00000000d5580000, 0x00000000d5f80000, 0x0000000100000000)
  eden space 6656K, 100% used [0x00000000d5580000,0x00000000d5c00000,0x00000000d5c00000)
  from space 1024K, 100% used [0x00000000d5d80000,0x00000000d5e80000,0x00000000d5e80000)
  to   space 1024K, 0% used [0x00000000d5e80000,0x00000000d5e80000,0x00000000d5f80000)
 ParOldGen       total 334848K, used 334529K [0x0000000080000000, 0x0000000094700000, 0x00000000d5580000)
  object space 334848K, 99% used [0x0000000080000000,0x00000000946b0630,0x0000000094700000)
 Metaspace       used 105481K, committed 107712K, reserved 1179648K
  class space    used 10114K, committed 11200K, reserved 1048576K
}
Event: 122337.136 GC heap after
{Heap after GC invocations=17546 (full 33):
 PSYoungGen      total 7680K, used 1002K [0x00000000d5580000, 0x00000000d6000000, 0x0000000100000000)
  eden space 6656K, 0% used [0x00000000d5580000,0x00000000d5580000,0x00000000d5c00000)
  from space 1024K, 97% used [0x00000000d5e80000,0x00000000d5f7a910,0x00000000d5f80000)
  to   space 2048K, 0% used [0x00000000d5c00000,0x00000000d5c00000,0x00000000d5e00000)
 ParOldGen       total 335872K, used 335385K [0x0000000080000000, 0x0000000094800000, 0x00000000d5580000)
  object space 335872K, 99% used [0x0000000080000000,0x00000000947866c0,0x0000000094800000)
 Metaspace       used 105481K, committed 107712K, reserved 1179648K
  class space    used 10114K, committed 11200K, reserved 1048576K
}

